<?xml version="1.0" encoding="UTF-8"?>
<!-- Generated by org.testng.reporters.JUnitReportReporter -->
<testsuite hostname="DESKTOP-L646HTL" failures="0" tests="5" name="testng.Testone" time="36.091" errors="0" timestamp="2023-08-20T00:47:08 IST" skipped="0">
  <testcase classname="testng.Testone" name="methodOne" time="8.725"/>
  <system-out>
    <![CDATA[onTestStart: null
Methodone started executing
Methodone completed executing
onTestSuccess: null]]>
  </system-out>
  <testcase classname="testng.Testone" name="methodOne" time="7.103"/>
  <system-out>
    <![CDATA[onTestStart: null
Methodone started executing
Methodone completed executing
onTestSuccess: null]]>
  </system-out>
  <testcase classname="testng.Testone" name="methodOne" time="8.491"/>
  <system-out>
    <![CDATA[onTestStart: null
Methodone started executing
Methodone completed executing
onTestSuccess: null]]>
  </system-out>
  <testcase classname="testng.Testone" name="methodOne" time="4.786"/>
  <system-out>
    <![CDATA[onTestStart: null
Methodone started executing
Methodone completed executing
onTestSuccess: null]]>
  </system-out>
  <testcase classname="testng.Testone" name="methodOne" time="6.986"/>
  <system-out>
    <![CDATA[onTestStart: null
Methodone started executing
Methodone completed executing
onTestSuccess: null]]>
  </system-out>
</testsuite> <!-- testng.Testone -->
