<?xml version="1.0" encoding="UTF-8"?>
<!-- Generated by org.testng.reporters.JUnitReportReporter -->
<testsuite hostname="DESKTOP-L646HTL" failures="0" tests="2" name="testng.test" time="0.053" errors="0" timestamp="2023-08-17T22:09:39 IST" skipped="0">
  <testcase classname="testng.test" name="Testone" time="0.045"/>
  <system-out/>
  <testcase classname="testng.test" name="Test" time="0.008"/>
  <system-out/>
</testsuite> <!-- testng.test -->
