<?xml version="1.0" encoding="UTF-8"?>
<!-- Generated by org.testng.reporters.JUnitReportReporter -->
<testsuite hostname="DESKTOP-L646HTL" failures="0" tests="18" name="testng.Testone" time="188.220" errors="0" timestamp="2023-08-18T02:14:19 IST" skipped="6">
  <testcase classname="testng.Testone" name="methodOne" time="10.410"/>
  <system-out>
    <![CDATA[onTestStart: null
Methodone started executing
Methodone completed executing
onTestSuccess: null]]>
  </system-out>
  <testcase classname="testng.Testone" name="methodThsee" time="5.013"/>
  <system-out>
    <![CDATA[onTestStart: null
MethodThsee started executing
MethodThsee completed executing
onTestSuccess: null]]>
  </system-out>
  <testcase classname="testng.Testone" name="methodOne" time="5.772"/>
  <system-out>
    <![CDATA[onTestStart: null
Methodone started executing
Methodone completed executing
onTestSuccess: null]]>
  </system-out>
  <testcase classname="testng.Testone" name="methodThsee" time="8.441"/>
  <system-out>
    <![CDATA[onTestStart: null
MethodThsee started executing
MethodThsee completed executing
onTestSuccess: null]]>
  </system-out>
  <testcase classname="testng.Testone" name="methodThsee" time="9.146"/>
  <system-out>
    <![CDATA[onTestStart: null
MethodThsee started executing
MethodThsee completed executing
onTestSuccess: null]]>
  </system-out>
  <testcase classname="testng.Testone" name="methodThree" time="6.225">
    <skipped/>
  </testcase> <!-- methodThree -->
  <system-out>
    <![CDATA[onTestStart: null
onTestSkipped: null]]>
  </system-out>
  <testcase classname="testng.Testone" name="methodThree" time="11.527">
    <skipped/>
  </testcase> <!-- methodThree -->
  <system-out>
    <![CDATA[onTestStart: null
onTestSkipped: null]]>
  </system-out>
  <testcase classname="testng.Testone" name="methodThree" time="7.036">
    <skipped/>
  </testcase> <!-- methodThree -->
  <system-out>
    <![CDATA[onTestStart: null
onTestSkipped: null]]>
  </system-out>
  <testcase classname="testng.Testone" name="methodOne" time="20.884"/>
  <system-out>
    <![CDATA[onTestStart: null
Methodone started executing
Methodone completed executing
onTestSuccess: null]]>
  </system-out>
  <testcase classname="testng.Testone" name="methodOne" time="26.516"/>
  <system-out>
    <![CDATA[onTestStart: null
Methodone started executing
Methodone completed executing
onTestSuccess: null]]>
  </system-out>
  <testcase classname="testng.Testone" name="methodThsee" time="7.398"/>
  <system-out>
    <![CDATA[onTestStart: null
MethodThsee started executing
MethodThsee completed executing
onTestSuccess: null]]>
  </system-out>
  <testcase classname="testng.Testone" name="methodThree" time="6.843">
    <skipped/>
  </testcase> <!-- methodThree -->
  <system-out>
    <![CDATA[onTestStart: null
onTestSkipped: null]]>
  </system-out>
  <testcase classname="testng.Testone" name="methodThree" time="3.114">
    <skipped/>
  </testcase> <!-- methodThree -->
  <system-out>
    <![CDATA[onTestStart: null
onTestSkipped: null]]>
  </system-out>
  <testcase classname="testng.Testone" name="methodThree" time="3.649">
    <skipped/>
  </testcase> <!-- methodThree -->
  <system-out>
    <![CDATA[onTestStart: null
onTestSkipped: null]]>
  </system-out>
  <testcase classname="testng.Testone" name="methodThsee" time="9.157"/>
  <system-out>
    <![CDATA[onTestStart: null
MethodThsee started executing
MethodThsee completed executing
onTestSuccess: null]]>
  </system-out>
  <testcase classname="testng.Testone" name="methodOne" time="16.800"/>
  <system-out>
    <![CDATA[onTestStart: null
Methodone started executing
Methodone completed executing
onTestSuccess: null]]>
  </system-out>
  <testcase classname="testng.Testone" name="methodThsee" time="7.593"/>
  <system-out>
    <![CDATA[onTestStart: null
MethodThsee started executing
MethodThsee completed executing
onTestSuccess: null]]>
  </system-out>
  <testcase classname="testng.Testone" name="methodOne" time="22.696"/>
  <system-out>
    <![CDATA[onTestStart: null
Methodone started executing
Methodone completed executing
onTestSuccess: null]]>
  </system-out>
</testsuite> <!-- testng.Testone -->
