<?xml version="1.0" encoding="UTF-8"?>
<!-- Generated by org.testng.reporters.JUnitReportReporter -->
<testsuite hostname="DESKTOP-L646HTL" failures="0" tests="1" name="testng.TestTwo" time="0.015" errors="0" timestamp="2023-08-17T22:15:57 IST" skipped="0">
  <testcase classname="testng.TestTwo" name="Testtwo" time="0.015"/>
  <system-out/>
</testsuite> <!-- testng.TestTwo -->
